#
# A fatal error has been detected by the Java Runtime Environment:
#
#  EXCEPTION_ACCESS_VIOLATION (0xc0000005) at pc=0x046cfa34, pid=3184, tid=3204
#
# JRE version: 7.0_25-b17
# Java VM: Java HotSpot(TM) Client VM (23.25-b01 mixed mode, sharing windows-x86 )
# Problematic frame:
# C  [ig4dev32.dll+0x2fa34]  devProcessAttach+0x193d4
#
# Failed to write core dump. Minidumps are not enabled by default on client versions of Windows
#
# If you would like to submit a bug report, please visit:
#   http://bugreport.sun.com/bugreport/crash.jsp
# The crash happened outside the Java Virtual Machine in native code.
# See problematic frame for where to report the bug.
#

---------------  T H R E A D  ---------------

Current thread (0x0188a800):  JavaThread "main" [_thread_in_native, id=3204, stack(0x011d0000,0x01220000)]

siginfo: ExceptionCode=0xc0000005, writing address 0x00000000

Registers:
EAX=0x00000000, EBX=0x00000000, ECX=0x3f7fffff, EDX=0xc4a45fe0
ESP=0x0121f598, EBP=0x00000043, ESI=0x000f1e3c, EDI=0x00000000
EIP=0x046cfa34, EFLAGS=0x00010202

Top of Stack: (sp=0x0121f598)
0x0121f598:   00000000 000f1e3c 049ff540 00000004
0x0121f5a8:   00000004 00000000 3effff00 c4a45fe0
0x0121f5b8:   00000000 00000384 0121f8bc 048d8e1b
0x0121f5c8:   ffffffff 00150ca0 046c888a 00000043
0x0121f5d8:   00000043 00000004 000f1e3c 049ff540
0x0121f5e8:   04a00604 000f1e3c 04ea89c3 00000001
0x0121f5f8:   0000001f 0000000b 000f1e3c 04a00604
0x0121f608:   000f027f 0000000b 051b5290 00000040 

Instructions: (pc=0x046cfa34)
0x046cfa14:   1c d9 86 80 1e 05 00 d8 61 04 75 06 d8 ae 84 1e
0x046cfa24:   05 00 8b 51 08 8b 49 0c 89 54 24 18 8b 54 24 1c
0x046cfa34:   89 10 d9 50 04 83 c0 04 89 4c 24 20 8b 4c 24 10
0x046cfa44:   83 c0 04 f7 c1 03 ff ff ff 75 05 f6 c3 04 74 1f 


Register to memory mapping:

EAX=0x00000000 is an unknown value
EBX=0x00000000 is an unknown value
ECX=0x3f7fffff is an unknown value
EDX=0xc4a45fe0 is an unknown value
ESP=0x0121f598 is pointing into the stack for thread: 0x0188a800
EBP=0x00000043 is an unknown value
ESI=0x000f1e3c is an unknown value
EDI=0x00000000 is an unknown value


Stack: [0x011d0000,0x01220000],  sp=0x0121f598,  free space=317k
Native frames: (J=compiled Java code, j=interpreted, Vv=VM code, C=native code)
C  [ig4dev32.dll+0x2fa34]  devProcessAttach+0x193d4

Java frames: (J=compiled Java code, j=interpreted, Vv=VM code)
J  org.lwjgl.opengl.GL11.nglBegin(IJ)V
J  com._7ur7l3.core.Engine.start()V
j  com._7ur7l3.core.Driver.main([Ljava/lang/String;)V+9
v  ~StubRoutines::call_stub

---------------  P R O C E S S  ---------------

Java Threads: ( => current thread )
  0x0177b400 JavaThread "Service Thread" daemon [_thread_blocked, id=1384, stack(0x03b70000,0x03bc0000)]
  0x01786000 JavaThread "C1 CompilerThread0" daemon [_thread_blocked, id=2436, stack(0x03cc0000,0x03d10000)]
  0x0177b000 JavaThread "Attach Listener" daemon [_thread_blocked, id=2136, stack(0x03aa0000,0x03af0000)]
  0x0177a800 JavaThread "Signal Dispatcher" daemon [_thread_blocked, id=1504, stack(0x03be0000,0x03c30000)]
  0x01769c00 JavaThread "Finalizer" daemon [_thread_blocked, id=2568, stack(0x03950000,0x039a0000)]
  0x01765000 JavaThread "Reference Handler" daemon [_thread_blocked, id=528, stack(0x03a50000,0x03aa0000)]
=>0x0188a800 JavaThread "main" [_thread_in_native, id=3204, stack(0x011d0000,0x01220000)]

Other Threads:
  0x01763c00 VMThread [stack: 0x039a0000,0x039f0000] [id=2968]
  0x0179dc00 WatcherThread [stack: 0x03d80000,0x03dd0000] [id=1788]

VM state:not at safepoint (normal execution)

VM Mutex/Monitor currently owned by a thread: None

Heap
 def new generation   total 4928K, used 2690K [0x23a10000, 0x23f60000, 0x28f60000)
  eden space 4416K,  60% used [0x23a10000, 0x23cb0900, 0x23e60000)
  from space 512K,   0% used [0x23e60000, 0x23e60000, 0x23ee0000)
  to   space 512K,   0% used [0x23ee0000, 0x23ee0000, 0x23f60000)
 tenured generation   total 10944K, used 0K [0x28f60000, 0x29a10000, 0x33a10000)
   the space 10944K,   0% used [0x28f60000, 0x28f60000, 0x28f60200, 0x29a10000)
 compacting perm gen  total 12288K, used 840K [0x33a10000, 0x34610000, 0x37a10000)
   the space 12288K,   6% used [0x33a10000, 0x33ae20d8, 0x33ae2200, 0x34610000)
    ro space 10240K,  42% used [0x37a10000, 0x37e54240, 0x37e54400, 0x38410000)
    rw space 12288K,  54% used [0x38410000, 0x38a94d58, 0x38a94e00, 0x39010000)

Card table byte_map: [0x03890000,0x03940000] byte_map_base: 0x03772f80

Polling page: 0x00340000

Code Cache  [0x01890000, 0x01938000, 0x03890000)
 total_blobs=244 nmethods=54 adapters=126 free_code_cache=32107Kb largest_free_block=32878080

Compilation events (10 events):
Event: 0.958 Thread 0x01786000   46             org.lwjgl.BufferChecks::checkFunctionAddress (23 bytes)
Event: 0.958 Thread 0x01786000 nmethod 46 0x019300c8 code [0x019301d0, 0x019302dc]
Event: 0.958 Thread 0x01786000   47             org.lwjgl.opengl.GL11::glVertex2d (25 bytes)
Event: 0.959 Thread 0x01786000 nmethod 47 0x01930388 code [0x019304c0, 0x01930700]
Event: 0.964 Thread 0x01786000   49             org.lwjgl.opengl.GL11::glBegin (19 bytes)
Event: 0.964 Thread 0x01786000 nmethod 49 0x01930c48 code [0x01930d80, 0x01930fb0]
Event: 0.967 Thread 0x01786000   51             org.lwjgl.opengl.GL11::glEnd (18 bytes)
Event: 0.967 Thread 0x01786000 nmethod 51 0x019314c8 code [0x01931600, 0x01931820]
Event: 0.997 Thread 0x01786000    2 % !         com._7ur7l3.core.Engine::start @ 94 (141 bytes)
Event: 1.000 Thread 0x01786000 nmethod 2% 0x01931d08 code [0x01932120, 0x01933594]

GC Heap History (0 events):
No events

Deoptimization events (0 events):
No events

Internal exceptions (10 events):
Event: 0.868 Thread 0x0188a800 Threw 0x23c0b0d0 at C:\jdk7u2_32P\jdk7u25\hotspot\src\share\vm\prims\jvm.cpp:1235
Event: 0.871 Thread 0x0188a800 Threw 0x23c0e2d0 at C:\jdk7u2_32P\jdk7u25\hotspot\src\share\vm\prims\jvm.cpp:1235
Event: 0.875 Thread 0x0188a800 Threw 0x23c11230 at C:\jdk7u2_32P\jdk7u25\hotspot\src\share\vm\prims\jvm.cpp:1235
Event: 0.879 Thread 0x0188a800 Threw 0x23c16790 at C:\jdk7u2_32P\jdk7u25\hotspot\src\share\vm\prims\jvm.cpp:1235
Event: 0.883 Thread 0x0188a800 Threw 0x23c194a8 at C:\jdk7u2_32P\jdk7u25\hotspot\src\share\vm\prims\jvm.cpp:1235
Event: 0.887 Thread 0x0188a800 Threw 0x23c1c6a8 at C:\jdk7u2_32P\jdk7u25\hotspot\src\share\vm\prims\jvm.cpp:1235
Event: 0.901 Thread 0x0188a800 Threw 0x23c2f1c8 at C:\jdk7u2_32P\jdk7u25\hotspot\src\share\vm\prims\jvm.cpp:1235
Event: 0.926 Thread 0x0188a800 Threw 0x23c8fa70 at C:\jdk7u2_32P\jdk7u25\hotspot\src\share\vm\prims\jvm.cpp:1235
Event: 0.928 Thread 0x0188a800 Threw 0x23c92c10 at C:\jdk7u2_32P\jdk7u25\hotspot\src\share\vm\prims\jvm.cpp:1235
Event: 0.953 Thread 0x0188a800 Threw 0x23c95648 at C:\jdk7u2_32P\jdk7u25\hotspot\src\share\vm\prims\jvm.cpp:1235

Events (10 events):
Event: 0.887 loading class 0x03dd1390
Event: 0.887 loading class 0x03dd1390 done
Event: 0.901 loading class 0x03e283f8
Event: 0.901 loading class 0x03e283f8 done
Event: 0.925 loading class 0x03e98238
Event: 0.925 loading class 0x03e98238 done
Event: 0.928 loading class 0x03debd08
Event: 0.928 loading class 0x03debd08 done
Event: 0.953 loading class 0x03deb978
Event: 0.953 loading class 0x03deb978 done


Dynamic libraries:
0x012b0000 - 0x012df000 	C:\Program Files\Java\jre7\bin\javaw.exe
0x774d0000 - 0x7760c000 	C:\Windows\SYSTEM32\ntdll.dll
0x766d0000 - 0x767a4000 	C:\Windows\system32\kernel32.dll
0x75820000 - 0x7586b000 	C:\Windows\system32\KERNELBASE.dll
0x762b0000 - 0x76350000 	C:\Windows\system32\ADVAPI32.dll
0x76570000 - 0x7661c000 	C:\Windows\system32\msvcrt.dll
0x763f0000 - 0x76409000 	C:\Windows\SYSTEM32\sechost.dll
0x76620000 - 0x766c2000 	C:\Windows\system32\RPCRT4.dll
0x761e0000 - 0x762a9000 	C:\Windows\system32\USER32.dll
0x77620000 - 0x7766e000 	C:\Windows\system32\GDI32.dll
0x75f00000 - 0x75f0a000 	C:\Windows\system32\LPK.dll
0x75b10000 - 0x75bad000 	C:\Windows\system32\USP10.dll
0x74390000 - 0x7452e000 	C:\Windows\WinSxS\x86_microsoft.windows.common-controls_6595b64144ccf1df_6.0.7601.17514_none_41e6975e2bd6f2b2\COMCTL32.dll
0x77670000 - 0x776c7000 	C:\Windows\system32\SHLWAPI.dll
0x75880000 - 0x7589f000 	C:\Windows\system32\IMM32.DLL
0x767b0000 - 0x7687c000 	C:\Windows\system32\MSCTF.dll
0x72360000 - 0x7241e000 	C:\Program Files\Java\jre7\bin\msvcr100.dll
0x5c870000 - 0x5cbb2000 	C:\Program Files\Java\jre7\bin\client\jvm.dll
0x72960000 - 0x72967000 	C:\Windows\system32\WSOCK32.dll
0x75fa0000 - 0x75fd5000 	C:\Windows\system32\WS2_32.dll
0x76350000 - 0x76356000 	C:\Windows\system32\NSI.dll
0x711b0000 - 0x711e2000 	C:\Windows\system32\WINMM.dll
0x75870000 - 0x75875000 	C:\Windows\system32\PSAPI.DLL
0x6cb40000 - 0x6cb4c000 	C:\Program Files\Java\jre7\bin\verify.dll
0x6c780000 - 0x6c7a0000 	C:\Program Files\Java\jre7\bin\java.dll
0x6a8f0000 - 0x6a903000 	C:\Program Files\Java\jre7\bin\zip.dll
0x10000000 - 0x1004c000 	E:\Eclipse Projects\FPS_Game\lwjgl-2.9.0\native\windows\lwjgl.dll
0x72750000 - 0x72818000 	C:\Windows\system32\OPENGL32.dll
0x73bc0000 - 0x73be2000 	C:\Windows\system32\GLU32.dll
0x70000000 - 0x700e7000 	C:\Windows\system32\DDRAW.dll
0x73d00000 - 0x73d06000 	C:\Windows\system32\DCIMAN32.dll
0x75970000 - 0x75b0d000 	C:\Windows\system32\SETUPAPI.dll
0x756a0000 - 0x756c7000 	C:\Windows\system32\CFGMGR32.dll
0x76360000 - 0x763ef000 	C:\Windows\system32\OLEAUT32.dll
0x76410000 - 0x7656c000 	C:\Windows\system32\ole32.dll
0x75800000 - 0x75812000 	C:\Windows\system32\DEVOBJ.dll
0x73f20000 - 0x73f33000 	C:\Windows\system32\dwmapi.dll
0x748d0000 - 0x748d9000 	C:\Windows\system32\VERSION.dll
0x74350000 - 0x74390000 	C:\Windows\system32\uxtheme.dll
0x04e60000 - 0x05252000 	C:\Windows\system32\ig4icd32.dll
0x046a0000 - 0x0493a000 	C:\Windows\system32\ig4dev32.dll
0x75490000 - 0x7549c000 	C:\Windows\system32\CRYPTBASE.dll
0x722e0000 - 0x72359000 	C:\Windows\system32\mscms.dll
0x74b50000 - 0x74b67000 	C:\Windows\system32\USERENV.dll
0x75510000 - 0x7551b000 	C:\Windows\system32\profapi.dll
0x722a0000 - 0x722d8000 	C:\Windows\system32\icm32.dll
0x70540000 - 0x7062b000 	C:\Windows\system32\dbghelp.dll

VM Arguments:
jvm_args: -Djava.library.path=E:\Eclipse Projects\FPS_Game\lwjgl-2.9.0\native\windows -Dfile.encoding=Cp1252 
java_command: com._7ur7l3.core.Driver
Launcher Type: SUN_STANDARD

Environment Variables:
CLASSPATH=.;C:\Program Files\Java\jre7\lib\ext\QTJava.zip
PATH=C:/Program Files/Java/jre7/bin/client;C:/Program Files/Java/jre7/bin;C:/Program Files/Java/jre7/lib/i386;C:\Windows\system32;C:\Windows;C:\Windows\System32\Wbem;C:\Windows\System32\WindowsPowerShell\v1.0\;C:\Program Files\Common Files\Roxio Shared\DLLShared\;C:\Program Files\Common Files\Roxio Shared\DLLShared\;C:\Program Files\Common Files\Roxio Shared\9.0\DLLShared\;C:\Program Files\QuickTime\QTSystem\;E:\ECLIPSE\JAVA\eclipse-standard-kepler-R-win32;
USERNAME=mrahn3
OS=Windows_NT
PROCESSOR_IDENTIFIER=x86 Family 6 Model 15 Stepping 13, GenuineIntel



---------------  S Y S T E M  ---------------

OS: Windows 7 Build 7601 Service Pack 1

CPU:total 2 (2 cores per cpu, 1 threads per core) family 6 model 15 stepping 13, cmov, cx8, fxsr, mmx, sse, sse2, sse3, ssse3, tsc

Memory: 4k page, physical 2069812k(1012236k free), swap 4139624k(2887572k free)

vm_info: Java HotSpot(TM) Client VM (23.25-b01) for windows-x86 JRE (1.7.0_25-b17), built on Jun 21 2013 13:06:48 by "java_re" with unknown MS VC++:1600

time: Fri Jan 31 14:51:45 2014
elapsed time: 4 seconds

